anno type:<class 'list'>
anno len:2
anno key:{'area': 18224, 'iscrowd': 0, 'image_id': 428, 'bbox': [117, 87, 134, 136], 'category_id': 1, 'id': 4281, 'ignore': 0, 'segmentation': [[175, 87, 174, 88, 169, 88, 168, 89, 165, 89, 164, 90, 162, 90, 161, 91, 160, 91, 159, 92, 157, 92, 156, 93, 155, 93, 154, 94, 153, 94, 152, 95, 151, 95, 150, 96, 149, 96, 147, 98, 146, 98, 144, 100, 143, 100, 131, 112, 131, 113, 128, 116, 128, 117, 126, 119, 126, 120, 125, 121, 125, 122, 124, 123, 124, 124, 123, 125, 123, 126, 122, 127, 122, 129, 121, 130, 121, 131, 120, 132, 120, 134, 119, 135, 119, 138, 118, 139, 118, 143, 117, 144, 117, 164, 118, 165, 118, 169, 119, 170, 119, 173, 120, 174, 120, 176, 121, 177, 121, 179, 122, 180, 122, 181, 123, 182, 123, 184, 124, 185, 124, 186, 126, 188, 126, 189, 127, 190, 127, 191, 129, 193, 129, 194, 132, 197, 132, 198, 141, 207, 142, 207, 145, 210, 146, 210, 148, 212, 149, 212, 150, 213, 151, 213, 152, 214, 153, 214, 154, 215, 155, 215, 156, 216, 157, 216, 158, 217, 160, 217, 161, 218, 163, 218, 164, 219, 166, 219, 167, 220, 171, 220, 172, 221, 180, 221, 181, 222, 186, 222, 187, 221, 195, 221, 196, 220, 200, 220, 201, 219, 203, 219, 204, 218, 206, 218, 207, 217, 209, 217, 210, 216, 211, 216, 212, 215, 213, 215, 214, 214, 215, 214, 216, 213, 217, 213, 219, 211, 220, 211, 222, 209, 223, 209, 227, 205, 228, 205, 233, 200, 233, 199, 237, 195, 237, 194, 239, 192, 239, 191, 241, 189, 241, 188, 242, 187, 242, 186, 243, 185, 243, 184, 244, 183, 244, 182, 245, 181, 245, 179, 246, 178, 246, 177, 247, 176, 247, 173, 248, 172, 248, 169, 249, 168, 249, 164, 250, 163, 250, 146, 249, 145, 249, 140, 248, 139, 248, 136, 247, 135, 247, 133, 246, 132, 246, 130, 245, 129, 245, 128, 244, 127, 244, 125, 243, 124, 243, 123, 241, 121, 241, 120, 240, 119, 240, 118, 238, 116, 238, 115, 236, 113, 236, 112, 225, 101, 224, 101, 221, 98, 220, 98, 219, 97, 218, 97, 216, 95, 215, 95, 214, 94, 213, 94, 212, 93, 211, 93, 210, 92, 208, 92, 207, 91, 206, 91, 205, 90, 202, 90, 201, 89, 198, 89, 197, 88, 192, 88, 191, 87]]}
anno key:{'area': 3481, 'iscrowd': 0, 'image_id': 428, 'bbox': [154, 124, 59, 59], 'category_id': 2, 'id': 4282, 'ignore': 0, 'segmentation': [[178, 124, 177, 125, 174, 125, 173, 126, 172, 126, 171, 127, 170, 127, 169, 128, 168, 128, 166, 130, 165, 130, 160, 135, 160, 136, 158, 138, 158, 139, 157, 140, 157, 142, 156, 143, 156, 145, 155, 146, 155, 150, 154, 151, 154, 154, 155, 155, 155, 160, 156, 161, 156, 163, 157, 164, 157, 166, 159, 168, 159, 169, 161, 171, 161, 172, 165, 176, 166, 176, 168, 178, 169, 178, 170, 179, 171, 179, 172, 180, 174, 180, 175, 181, 178, 181, 179, 182, 188, 182, 189, 181, 192, 181, 193, 180, 195, 180, 196, 179, 197, 179, 198, 178, 199, 178, 202, 175, 203, 175, 205, 173, 205, 172, 208, 169, 208, 168, 209, 167, 209, 166, 210, 165, 210, 164, 211, 163, 211, 160, 212, 159, 212, 146, 211, 145, 211, 143, 210, 142, 210, 141, 209, 140, 209, 139, 208, 138, 208, 137, 206, 135, 206, 134, 202, 130, 201, 130, 199, 128, 198, 128, 197, 127, 196, 127, 195, 126, 194, 126, 193, 125, 190, 125, 189, 124]]}
path type:<class 'str'>
path len:55
path data:data/NICE1/NICE1/coco_int/test/image/0436010100437.JPEG
img_id type:<class 'numpy.int64'>
img_id len:()
img_id data:428
img type:<class 'numpy.ndarray'>
img len:(300, 400, 3)
img data:[[[ 77  85 125]
  [ 81  89 129]
  [ 68  77 121]
  ...
  [  5  15  32]
  [  5  16  30]
  [  4  17  31]]

 [[ 76  84 124]
  [ 72  80 120]
  [ 65  72 115]
  ...
  [  5  15  32]
  [  4  17  33]
  [  3  16  32]]

 [[ 78  85 124]
  [ 65  73 113]
  [ 55  63 103]
  ...
  [  1  13  31]
  [  4  16  34]
  [  7  19  37]]

 ...

 [[107 141 217]
  [105 139 215]
  [107 139 215]
  ...
  [108 146 218]
  [109 144 217]
  [108 143 216]]

 [[107 142 216]
  [107 141 217]
  [107 139 215]
  ...
  [111 147 217]
  [111 147 217]
  [109 145 215]]

 [[105 140 214]
  [107 142 216]
  [109 140 219]
  ...
  [111 148 216]
  [111 148 216]
  [111 148 216]]]
instance_polys type:<class 'list'>
instance_polys len:2
instance_polys data:[[array([[175,  87],
       [174,  88],
       [169,  88],
       [168,  89],
       [165,  89],
       [164,  90],
       [162,  90],
       [161,  91],
       [160,  91],
       [159,  92],
       [157,  92],
       [156,  93],
       [155,  93],
       [154,  94],
       [153,  94],
       [152,  95],
       [151,  95],
       [150,  96],
       [149,  96],
       [147,  98],
       [146,  98],
       [144, 100],
       [143, 100],
       [131, 112],
       [131, 113],
       [128, 116],
       [128, 117],
       [126, 119],
       [126, 120],
       [125, 121],
       [125, 122],
       [124, 123],
       [124, 124],
       [123, 125],
       [123, 126],
       [122, 127],
       [122, 129],
       [121, 130],
       [121, 131],
       [120, 132],
       [120, 134],
       [119, 135],
       [119, 138],
       [118, 139],
       [118, 143],
       [117, 144],
       [117, 164],
       [118, 165],
       [118, 169],
       [119, 170],
       [119, 173],
       [120, 174],
       [120, 176],
       [121, 177],
       [121, 179],
       [122, 180],
       [122, 181],
       [123, 182],
       [123, 184],
       [124, 185],
       [124, 186],
       [126, 188],
       [126, 189],
       [127, 190],
       [127, 191],
       [129, 193],
       [129, 194],
       [132, 197],
       [132, 198],
       [141, 207],
       [142, 207],
       [145, 210],
       [146, 210],
       [148, 212],
       [149, 212],
       [150, 213],
       [151, 213],
       [152, 214],
       [153, 214],
       [154, 215],
       [155, 215],
       [156, 216],
       [157, 216],
       [158, 217],
       [160, 217],
       [161, 218],
       [163, 218],
       [164, 219],
       [166, 219],
       [167, 220],
       [171, 220],
       [172, 221],
       [180, 221],
       [181, 222],
       [186, 222],
       [187, 221],
       [195, 221],
       [196, 220],
       [200, 220],
       [201, 219],
       [203, 219],
       [204, 218],
       [206, 218],
       [207, 217],
       [209, 217],
       [210, 216],
       [211, 216],
       [212, 215],
       [213, 215],
       [214, 214],
       [215, 214],
       [216, 213],
       [217, 213],
       [219, 211],
       [220, 211],
       [222, 209],
       [223, 209],
       [227, 205],
       [228, 205],
       [233, 200],
       [233, 199],
       [237, 195],
       [237, 194],
       [239, 192],
       [239, 191],
       [241, 189],
       [241, 188],
       [242, 187],
       [242, 186],
       [243, 185],
       [243, 184],
       [244, 183],
       [244, 182],
       [245, 181],
       [245, 179],
       [246, 178],
       [246, 177],
       [247, 176],
       [247, 173],
       [248, 172],
       [248, 169],
       [249, 168],
       [249, 164],
       [250, 163],
       [250, 146],
       [249, 145],
       [249, 140],
       [248, 139],
       [248, 136],
       [247, 135],
       [247, 133],
       [246, 132],
       [246, 130],
       [245, 129],
       [245, 128],
       [244, 127],
       [244, 125],
       [243, 124],
       [243, 123],
       [241, 121],
       [241, 120],
       [240, 119],
       [240, 118],
       [238, 116],
       [238, 115],
       [236, 113],
       [236, 112],
       [225, 101],
       [224, 101],
       [221,  98],
       [220,  98],
       [219,  97],
       [218,  97],
       [216,  95],
       [215,  95],
       [214,  94],
       [213,  94],
       [212,  93],
       [211,  93],
       [210,  92],
       [208,  92],
       [207,  91],
       [206,  91],
       [205,  90],
       [202,  90],
       [201,  89],
       [198,  89],
       [197,  88],
       [192,  88],
       [191,  87]])], [array([[178, 124],
       [177, 125],
       [174, 125],
       [173, 126],
       [172, 126],
       [171, 127],
       [170, 127],
       [169, 128],
       [168, 128],
       [166, 130],
       [165, 130],
       [160, 135],
       [160, 136],
       [158, 138],
       [158, 139],
       [157, 140],
       [157, 142],
       [156, 143],
       [156, 145],
       [155, 146],
       [155, 150],
       [154, 151],
       [154, 154],
       [155, 155],
       [155, 160],
       [156, 161],
       [156, 163],
       [157, 164],
       [157, 166],
       [159, 168],
       [159, 169],
       [161, 171],
       [161, 172],
       [165, 176],
       [166, 176],
       [168, 178],
       [169, 178],
       [170, 179],
       [171, 179],
       [172, 180],
       [174, 180],
       [175, 181],
       [178, 181],
       [179, 182],
       [188, 182],
       [189, 181],
       [192, 181],
       [193, 180],
       [195, 180],
       [196, 179],
       [197, 179],
       [198, 178],
       [199, 178],
       [202, 175],
       [203, 175],
       [205, 173],
       [205, 172],
       [208, 169],
       [208, 168],
       [209, 167],
       [209, 166],
       [210, 165],
       [210, 164],
       [211, 163],
       [211, 160],
       [212, 159],
       [212, 146],
       [211, 145],
       [211, 143],
       [210, 142],
       [210, 141],
       [209, 140],
       [209, 139],
       [208, 138],
       [208, 137],
       [206, 135],
       [206, 134],
       [202, 130],
       [201, 130],
       [199, 128],
       [198, 128],
       [197, 127],
       [196, 127],
       [195, 126],
       [194, 126],
       [193, 125],
       [190, 125],
       [189, 124]])]]
cls_ids type:<class 'list'>
cls_ids len:2
cls_ids data:[0, 1]
------------------------------------------------------------------- 
instance_polys type:<class 'list'>
instance_polys len:2
instance_polys data:[[array([[45.75, 24.25],
       [45.5 , 24.5 ],
       [44.25, 24.5 ],
       [44.  , 24.75],
       [43.25, 24.75],
       [43.  , 25.  ],
       [42.5 , 25.  ],
       [42.25, 25.25],
       [42.  , 25.25],
       [41.75, 25.5 ],
       [41.25, 25.5 ],
       [41.  , 25.75],
       [40.75, 25.75],
       [40.5 , 26.  ],
       [40.25, 26.  ],
       [40.  , 26.25],
       [39.75, 26.25],
       [39.5 , 26.5 ],
       [39.25, 26.5 ],
       [38.75, 27.  ],
       [38.5 , 27.  ],
       [38.  , 27.5 ],
       [37.75, 27.5 ],
       [34.75, 30.5 ],
       [34.75, 30.75],
       [34.  , 31.5 ],
       [34.  , 31.75],
       [33.5 , 32.25],
       [33.5 , 32.5 ],
       [33.25, 32.75],
       [33.25, 33.  ],
       [33.  , 33.25],
       [33.  , 33.5 ],
       [32.75, 33.75],
       [32.75, 34.  ],
       [32.5 , 34.25],
       [32.5 , 34.75],
       [32.25, 35.  ],
       [32.25, 35.25],
       [32.  , 35.5 ],
       [32.  , 36.  ],
       [31.75, 36.25],
       [31.75, 37.  ],
       [31.5 , 37.25],
       [31.5 , 38.25],
       [31.25, 38.5 ],
       [31.25, 43.5 ],
       [31.5 , 43.75],
       [31.5 , 44.75],
       [31.75, 45.  ],
       [31.75, 45.75],
       [32.  , 46.  ],
       [32.  , 46.5 ],
       [32.25, 46.75],
       [32.25, 47.25],
       [32.5 , 47.5 ],
       [32.5 , 47.75],
       [32.75, 48.  ],
       [32.75, 48.5 ],
       [33.  , 48.75],
       [33.  , 49.  ],
       [33.5 , 49.5 ],
       [33.5 , 49.75],
       [33.75, 50.  ],
       [33.75, 50.25],
       [34.25, 50.75],
       [34.25, 51.  ],
       [35.  , 51.75],
       [35.  , 52.  ],
       [37.25, 54.25],
       [37.5 , 54.25],
       [38.25, 55.  ],
       [38.5 , 55.  ],
       [39.  , 55.5 ],
       [39.25, 55.5 ],
       [39.5 , 55.75],
       [39.75, 55.75],
       [40.  , 56.  ],
       [40.25, 56.  ],
       [40.5 , 56.25],
       [40.75, 56.25],
       [41.  , 56.5 ],
       [41.25, 56.5 ],
       [41.5 , 56.75],
       [42.  , 56.75],
       [42.25, 57.  ],
       [42.75, 57.  ],
       [43.  , 57.25],
       [43.5 , 57.25],
       [43.75, 57.5 ],
       [44.75, 57.5 ],
       [45.  , 57.75],
       [47.  , 57.75],
       [47.25, 58.  ],
       [48.5 , 58.  ],
       [48.75, 57.75],
       [50.75, 57.75],
       [51.  , 57.5 ],
       [52.  , 57.5 ],
       [52.25, 57.25],
       [52.75, 57.25],
       [53.  , 57.  ],
       [53.5 , 57.  ],
       [53.75, 56.75],
       [54.25, 56.75],
       [54.5 , 56.5 ],
       [54.75, 56.5 ],
       [55.  , 56.25],
       [55.25, 56.25],
       [55.5 , 56.  ],
       [55.75, 56.  ],
       [56.  , 55.75],
       [56.25, 55.75],
       [56.75, 55.25],
       [57.  , 55.25],
       [57.5 , 54.75],
       [57.75, 54.75],
       [58.75, 53.75],
       [59.  , 53.75],
       [60.25, 52.5 ],
       [60.25, 52.25],
       [61.25, 51.25],
       [61.25, 51.  ],
       [61.75, 50.5 ],
       [61.75, 50.25],
       [62.25, 49.75],
       [62.25, 49.5 ],
       [62.5 , 49.25],
       [62.5 , 49.  ],
       [62.75, 48.75],
       [62.75, 48.5 ],
       [63.  , 48.25],
       [63.  , 48.  ],
       [63.25, 47.75],
       [63.25, 47.25],
       [63.5 , 47.  ],
       [63.5 , 46.75],
       [63.75, 46.5 ],
       [63.75, 45.75],
       [64.  , 45.5 ],
       [64.  , 44.75],
       [64.25, 44.5 ],
       [64.25, 43.5 ],
       [64.5 , 43.25],
       [64.5 , 39.  ],
       [64.25, 38.75],
       [64.25, 37.5 ],
       [64.  , 37.25],
       [64.  , 36.5 ],
       [63.75, 36.25],
       [63.75, 35.75],
       [63.5 , 35.5 ],
       [63.5 , 35.  ],
       [63.25, 34.75],
       [63.25, 34.5 ],
       [63.  , 34.25],
       [63.  , 33.75],
       [62.75, 33.5 ],
       [62.75, 33.25],
       [62.25, 32.75],
       [62.25, 32.5 ],
       [62.  , 32.25],
       [62.  , 32.  ],
       [61.5 , 31.5 ],
       [61.5 , 31.25],
       [61.  , 30.75],
       [61.  , 30.5 ],
       [58.25, 27.75],
       [58.  , 27.75],
       [57.25, 27.  ],
       [57.  , 27.  ],
       [56.75, 26.75],
       [56.5 , 26.75],
       [56.  , 26.25],
       [55.75, 26.25],
       [55.5 , 26.  ],
       [55.25, 26.  ],
       [55.  , 25.75],
       [54.75, 25.75],
       [54.5 , 25.5 ],
       [54.  , 25.5 ],
       [53.75, 25.25],
       [53.5 , 25.25],
       [53.25, 25.  ],
       [52.5 , 25.  ],
       [52.25, 24.75],
       [51.5 , 24.75],
       [51.25, 24.5 ],
       [50.  , 24.5 ],
       [49.75, 24.25]])], [array([[46.5 , 33.5 ],
       [46.25, 33.75],
       [45.5 , 33.75],
       [45.25, 34.  ],
       [45.  , 34.  ],
       [44.75, 34.25],
       [44.5 , 34.25],
       [44.25, 34.5 ],
       [44.  , 34.5 ],
       [43.5 , 35.  ],
       [43.25, 35.  ],
       [42.  , 36.25],
       [42.  , 36.5 ],
       [41.5 , 37.  ],
       [41.5 , 37.25],
       [41.25, 37.5 ],
       [41.25, 38.  ],
       [41.  , 38.25],
       [41.  , 38.75],
       [40.75, 39.  ],
       [40.75, 40.  ],
       [40.5 , 40.25],
       [40.5 , 41.  ],
       [40.75, 41.25],
       [40.75, 42.5 ],
       [41.  , 42.75],
       [41.  , 43.25],
       [41.25, 43.5 ],
       [41.25, 44.  ],
       [41.75, 44.5 ],
       [41.75, 44.75],
       [42.25, 45.25],
       [42.25, 45.5 ],
       [43.25, 46.5 ],
       [43.5 , 46.5 ],
       [44.  , 47.  ],
       [44.25, 47.  ],
       [44.5 , 47.25],
       [44.75, 47.25],
       [45.  , 47.5 ],
       [45.5 , 47.5 ],
       [45.75, 47.75],
       [46.5 , 47.75],
       [46.75, 48.  ],
       [49.  , 48.  ],
       [49.25, 47.75],
       [50.  , 47.75],
       [50.25, 47.5 ],
       [50.75, 47.5 ],
       [51.  , 47.25],
       [51.25, 47.25],
       [51.5 , 47.  ],
       [51.75, 47.  ],
       [52.5 , 46.25],
       [52.75, 46.25],
       [53.25, 45.75],
       [53.25, 45.5 ],
       [54.  , 44.75],
       [54.  , 44.5 ],
       [54.25, 44.25],
       [54.25, 44.  ],
       [54.5 , 43.75],
       [54.5 , 43.5 ],
       [54.75, 43.25],
       [54.75, 42.5 ],
       [55.  , 42.25],
       [55.  , 39.  ],
       [54.75, 38.75],
       [54.75, 38.25],
       [54.5 , 38.  ],
       [54.5 , 37.75],
       [54.25, 37.5 ],
       [54.25, 37.25],
       [54.  , 37.  ],
       [54.  , 36.75],
       [53.5 , 36.25],
       [53.5 , 36.  ],
       [52.5 , 35.  ],
       [52.25, 35.  ],
       [51.75, 34.5 ],
       [51.5 , 34.5 ],
       [51.25, 34.25],
       [51.  , 34.25],
       [50.75, 34.  ],
       [50.5 , 34.  ],
       [50.25, 33.75],
       [49.5 , 33.75],
       [49.25, 33.5 ]])]]
------------------------------------------------------------------- 
extreme_points type:<class 'list'>
extreme_points len:2
extreme_points data:[[array([[47.75 , 24.25 ],
       [31.25 , 41.   ],
       [47.875, 58.   ],
       [64.5  , 41.   ]])], [array([[47.875, 33.5  ],
       [40.5  , 40.75 ],
       [47.875, 48.   ],
       [55.   , 40.75 ]])]]
*************************************************************** 
