visualize training box -> inp：<class 'torch.Tensor'>
visualize training box -> box：2
visualize training box -> ex:[[[192.3741    91.79034 ]
  [188.80698   91.77111 ]
  [185.27625   91.82025 ]
  [182.04517   92.626595]
  [178.67249   93.16259 ]
  [175.3602    93.856186]
  [172.18353   94.84234 ]
  [169.11514   95.96038 ]
  [166.03558   97.215256]
  [163.02156   98.58302 ]
  [160.07632  100.14187 ]
  [157.2325   101.8619  ]
  [154.40936  103.72718 ]
  [151.6828   105.7596  ]
  [148.9962   107.97796 ]
  [146.43738  110.35306 ]
  [143.93987  112.87805 ]
  [141.58397  115.473816]
  [139.39066  118.18148 ]
  [137.43793  120.970955]
  [135.6697   123.77544 ]
  [133.96468  126.61527 ]
  [132.42683  129.55612 ]
  [131.0226   132.53444 ]
  [129.82123  135.54796 ]
  [128.6591   138.68686 ]
  [127.7264   141.86545 ]
  [126.83781  145.1294  ]
  [126.10411  148.43907 ]
  [125.56868  151.82909 ]
  [125.125374 155.20515 ]
  [124.79435  158.64732 ]
  [124.69707  162.1619  ]
  [124.77036  165.65431 ]
  [125.0497   169.06271 ]
  [125.551956 172.44044 ]
  [126.03632  175.81754 ]
  [126.78832  179.14122 ]
  [127.630585 182.35846 ]
  [128.54846  185.56186 ]
  [129.64981  188.63672 ]
  [130.86995  191.69646 ]
  [132.2317   194.66187 ]
  [133.82721  197.59    ]
  [135.5024   200.49364 ]
  [137.30147  203.32448 ]
  [139.2326   206.0924  ]
  [141.4005   208.80246 ]
  [143.76088  211.47371 ]
  [146.2063   213.9916  ]
  [148.77824  216.39984 ]
  [151.49619  218.57027 ]
  [154.20757  220.63757 ]
  [156.9684   222.50803 ]
  [159.79845  224.23447 ]
  [162.72397  225.7596  ]
  [165.75386  227.14706 ]
  [168.82932  228.43234 ]
  [171.92778  229.52824 ]
  [175.04526  230.5536  ]
  [178.31921  231.32555 ]
  [181.64761  231.84904 ]
  [184.98462  232.39056 ]
  [188.45004  232.65887 ]
  [192.02385  232.69751 ]
  [195.59389  232.6828  ]
  [199.05374  232.3787  ]
  [202.39108  231.88333 ]
  [205.75136  231.26825 ]
  [208.96529  230.48094 ]
  [212.20662  229.51111 ]
  [215.35822  228.45422 ]
  [218.42513  227.15497 ]
  [221.40643  225.7864  ]
  [224.37946  224.24986 ]
  [227.27232  222.59091 ]
  [230.10295  220.66296 ]
  [232.84227  218.63882 ]
  [235.53291  216.4431  ]
  [238.12238  214.08798 ]
  [240.60477  211.5544  ]
  [242.97345  208.98363 ]
  [245.15236  206.2891  ]
  [247.10329  203.54234 ]
  [248.92972  200.71474 ]
  [250.64226  197.8736  ]
  [252.17932  194.92409 ]
  [253.59656  191.9704  ]
  [254.86952  188.88815 ]
  [256.0661   185.79552 ]
  [257.07306  182.59393 ]
  [257.96353  179.33525 ]
  [258.56262  176.03317 ]
  [259.0641   172.69914 ]
  [259.50735  169.32048 ]
  [259.8703   165.89984 ]
  [259.9944   162.33899 ]
  [259.90076  158.80656 ]
  [259.60995  155.3318  ]
  [259.16965  151.89833 ]
  [258.6403   148.57974 ]
  [257.9427   145.24184 ]
  [256.9966   142.05817 ]
  [256.07953  138.84517 ]
  [254.96292  135.72899 ]
  [253.70314  132.64952 ]
  [252.29607  129.6294  ]
  [250.75194  126.674255]
  [249.0708   123.78249 ]
  [247.22874  120.9859  ]
  [245.25357  118.26538 ]
  [243.11183  115.53496 ]
  [240.7863   112.86022 ]
  [238.2912   110.341   ]
  [235.72618  107.963295]
  [233.02756  105.772896]
  [230.3084   103.75619 ]
  [227.51138  101.90026 ]
  [224.65063  100.21412 ]
  [221.76103   98.66487 ]
  [218.79152   97.26604 ]
  [215.69374   96.006   ]
  [212.56276   94.925285]
  [209.39786   94.01859 ]
  [206.13367   93.16949 ]
  [202.77872   92.62731 ]
  [199.53935   91.801796]
  [195.98912   91.76317 ]]

 [[190.4336   137.49838 ]
  [189.12143  137.46927 ]
  [187.80331  137.44255 ]
  [186.52495  137.48004 ]
  [185.35515  137.71864 ]
  [184.18839  138.20468 ]
  [183.09694  138.63951 ]
  [181.88474  138.85588 ]
  [180.76323  139.33353 ]
  [179.6566   139.86398 ]
  [178.58144  140.42519 ]
  [177.55513  141.03812 ]
  [176.55173  141.68217 ]
  [175.57439  142.39702 ]
  [174.60052  143.16557 ]
  [173.65865  143.97095 ]
  [172.75806  144.8589  ]
  [171.95845  145.80766 ]
  [171.21725  146.7755  ]
  [170.53224  147.76266 ]
  [169.88094  148.77637 ]
  [169.28261  149.81958 ]
  [168.78891  150.88345 ]
  [168.30872  151.98578 ]
  [167.82411  153.09572 ]
  [167.37823  154.27205 ]
  [167.02596  155.43874 ]
  [166.76807  156.66386 ]
  [166.35588  157.829   ]
  [166.1738   159.03972 ]
  [166.10866  160.33038 ]
  [166.06075  161.61937 ]
  [166.07405  162.90984 ]
  [166.15718  164.18501 ]
  [166.25298  165.42561 ]
  [166.40257  166.64716 ]
  [166.51534  167.92317 ]
  [166.91687  169.08383 ]
  [167.2771   170.24301 ]
  [167.69855  171.34233 ]
  [168.09407  172.48486 ]
  [168.55698  173.59769 ]
  [169.0826   174.69121 ]
  [169.67653  175.77225 ]
  [170.28513  176.81349 ]
  [170.92049  177.82257 ]
  [171.65543  178.77446 ]
  [172.5068   179.75652 ]
  [173.43073  180.7064  ]
  [174.34602  181.58322 ]
  [175.27522  182.33559 ]
  [176.2664   183.09726 ]
  [177.31494  183.7958  ]
  [178.37617  184.42578 ]
  [179.40111  184.98546 ]
  [180.47144  185.52779 ]
  [181.57054  186.03793 ]
  [182.688    186.41173 ]
  [183.82701  186.82585 ]
  [185.09094  187.03319 ]
  [186.22632  187.35315 ]
  [187.45624  187.59953 ]
  [188.6988   187.7425  ]
  [189.99086  187.74257 ]
  [191.2659   187.72794 ]
  [192.56009  187.68611 ]
  [193.81795  187.59966 ]
  [195.0412   187.38828 ]
  [196.24382  187.2064  ]
  [197.2739   186.77914 ]
  [198.5106   186.58617 ]
  [199.74258  186.23227 ]
  [200.86067  185.77701 ]
  [201.90378  185.25293 ]
  [202.95557  184.72134 ]
  [204.02809  184.12675 ]
  [205.09128  183.47755 ]
  [206.09607  182.74963 ]
  [207.07584  181.94519 ]
  [208.02702  181.06921 ]
  [208.89212  180.15103 ]
  [209.73785  179.221   ]
  [210.52057  178.2794  ]
  [211.21082  177.2633  ]
  [211.8164   176.22891 ]
  [212.41408  175.21262 ]
  [212.91125  174.13869 ]
  [213.39018  173.00383 ]
  [213.84258  171.87477 ]
  [214.2568   170.7725  ]
  [214.5088   169.61568 ]
  [214.92418  168.50153 ]
  [215.14163  167.26933 ]
  [215.41406  166.11243 ]
  [215.52377  164.88203 ]
  [215.54666  163.59258 ]
  [215.5439   162.29346 ]
  [215.50183  161.02065 ]
  [215.3917   159.76465 ]
  [215.16177  158.54564 ]
  [214.85028  157.3722  ]
  [214.65363  156.12805 ]
  [214.3127   154.99583 ]
  [213.9769   153.81363 ]
  [213.52179  152.68323 ]
  [213.05186  151.62169 ]
  [212.57779  150.5839  ]
  [211.9922   149.54433 ]
  [211.35776  148.52168 ]
  [210.68828  147.52159 ]
  [209.95815  146.54813 ]
  [209.17134  145.5421  ]
  [208.29543  144.58975 ]
  [207.38052  143.69342 ]
  [206.43738  142.9044  ]
  [205.45157  142.14159 ]
  [204.4626   141.41888 ]
  [203.41095  140.78479 ]
  [202.33658  140.22008 ]
  [201.23038  139.69954 ]
  [200.10442  139.24756 ]
  [198.97612  138.76411 ]
  [197.75877  138.58418 ]
  [196.62914  138.14296 ]
  [195.5347   137.64014 ]
  [194.30505  137.47475 ]
  [193.02933  137.4734  ]
  [191.73041  137.48686 ]]]
*************************************************************** 
